<?xml version="1.0" encoding="UTF-8"?>
<!-- Generated by org.testng.reporters.JUnitReportReporter -->
<testsuite skipped="0" hostname="Om-Sai-Legal-Advisor" name="com.inetbanking.testCases.TC_LoginTest_001" tests="1" failures="0" timestamp="2021-10-20T18:40:48 IST" time="22.258" errors="0">
  <testcase name="loginTest" time="22.258" classname="com.inetbanking.testCases.TC_LoginTest_001"/>
  <system-out/>
</testsuite> <!-- com.inetbanking.testCases.TC_LoginTest_001 -->
